

Started GET "/" for 31.223.25.174 at 2017-07-01 12:29:20 +0000
Cannot render console from 31.223.25.174! Allowed networks: 127.0.0.1, ::1, 127.0.0.0/127.255.255.255
Processing by WelcomeController#index as HTML
  Rendered welcome/index.html.erb within layouts/application (2.3ms)
Completed 200 OK in 879ms (Views: 869.3ms | ActiveRecord: 0.0ms)
  [1m[36m (16.4ms)[0m  [1mCREATE TABLE "schema_migrations" ("version" character varying NOT NULL) [0m
  [1m[35m (5.2ms)[0m  CREATE UNIQUE INDEX  "unique_schema_migrations" ON "schema_migrations"  ("version")
  [1m[36mActiveRecord::SchemaMigration Load (0.4ms)[0m  [1mSELECT "schema_migrations".* FROM "schema_migrations"[0m
  [1m[36mActiveRecord::SchemaMigration Load (0.4ms)[0m  [1mSELECT "schema_migrations".* FROM "schema_migrations"[0m
Migrating to User (20170702092607)
  [1m[35m (0.2ms)[0m  BEGIN
  [1m[36m (35.9ms)[0m  [1mCREATE TABLE "users" ("id" serial primary key, "user_id" integer NOT NULL, "price" float, "subject_id" integer, "description" text, "created_at" timestamp) [0m
  [1m[35mSQL (0.6ms)[0m  INSERT INTO "schema_migrations" ("version") VALUES ($1)  [["version", "20170702092607"]]
  [1m[36m (8.9ms)[0m  [1mCOMMIT[0m
Migrating to Not2do (20170702092745)
  [1m[36mActiveRecord::SchemaMigration Load (0.4ms)[0m  [1mSELECT "schema_migrations".* FROM "schema_migrations"[0m
Migrating to Not2do (20170702092745)
  [1m[36mActiveRecord::SchemaMigration Load (0.4ms)[0m  [1mSELECT "schema_migrations".* FROM "schema_migrations"[0m
Migrating to Not2do (20170702092745)
  [1m[36m (110.2ms)[0m  [1mDROP DATABASE IF EXISTS "my_database_development"[0m
  [1m[35m (109.4ms)[0m  DROP DATABASE IF EXISTS "my_database_test"
  [1m[36m (1150.2ms)[0m  [1mCREATE DATABASE "my_database_development" ENCODING = 'utf8' TEMPLATE = "template0"[0m
  [1m[35m (986.1ms)[0m  CREATE DATABASE "my_database_test" ENCODING = 'utf8' TEMPLATE = "template0"
  [1m[36mSQL (5.1ms)[0m  [1mCREATE EXTENSION IF NOT EXISTS "plpgsql"[0m
  [1m[35m (13.8ms)[0m  CREATE TABLE "schema_migrations" ("version" character varying NOT NULL) 
  [1m[36m (7.0ms)[0m  [1mCREATE UNIQUE INDEX  "unique_schema_migrations" ON "schema_migrations"  ("version")[0m
  [1m[35m (0.4ms)[0m  SELECT version FROM "schema_migrations"
  [1m[36m (2.8ms)[0m  [1mINSERT INTO "schema_migrations" (version) VALUES ('0')[0m
  [1m[35mSQL (0.3ms)[0m  CREATE EXTENSION IF NOT EXISTS "plpgsql"
  [1m[36m (12.4ms)[0m  [1mCREATE TABLE "schema_migrations" ("version" character varying NOT NULL) [0m
  [1m[35m (6.0ms)[0m  CREATE UNIQUE INDEX  "unique_schema_migrations" ON "schema_migrations"  ("version")
  [1m[36m (0.4ms)[0m  [1mSELECT version FROM "schema_migrations"[0m
  [1m[35m (2.6ms)[0m  INSERT INTO "schema_migrations" (version) VALUES ('0')
  [1m[36mActiveRecord::SchemaMigration Load (0.4ms)[0m  [1mSELECT "schema_migrations".* FROM "schema_migrations"[0m
  [1m[36mActiveRecord::SchemaMigration Load (0.3ms)[0m  [1mSELECT "schema_migrations".* FROM "schema_migrations"[0m
Migrating to User (20170702092607)
  [1m[35m (0.1ms)[0m  BEGIN
  [1m[36m (13.4ms)[0m  [1mCREATE TABLE "users" ("id" serial primary key, "user_id" integer NOT NULL, "price" float, "subject_id" integer, "description" text, "created_at" timestamp) [0m
  [1m[35mSQL (0.3ms)[0m  INSERT INTO "schema_migrations" ("version") VALUES ($1)  [["version", "20170702092607"]]
  [1m[36m (6.5ms)[0m  [1mCOMMIT[0m
Migrating to Not2do (20170702092745)
  [1m[36mActiveRecord::SchemaMigration Load (0.4ms)[0m  [1mSELECT "schema_migrations".* FROM "schema_migrations"[0m
Migrating to Not2do (20170702092745)
  [1m[36m (111.7ms)[0m  [1mDROP DATABASE IF EXISTS "my_database_development"[0m
  [1m[35m (108.9ms)[0m  DROP DATABASE IF EXISTS "my_database_test"
  [1m[36m (1043.3ms)[0m  [1mCREATE DATABASE "my_database_development" ENCODING = 'utf8' TEMPLATE = "template0"[0m
  [1m[35m (963.2ms)[0m  CREATE DATABASE "my_database_test" ENCODING = 'utf8' TEMPLATE = "template0"
  [1m[36mSQL (0.4ms)[0m  [1mCREATE EXTENSION IF NOT EXISTS "plpgsql"[0m
  [1m[35m (14.7ms)[0m  CREATE TABLE "schema_migrations" ("version" character varying NOT NULL) 
  [1m[36m (6.3ms)[0m  [1mCREATE UNIQUE INDEX  "unique_schema_migrations" ON "schema_migrations"  ("version")[0m
  [1m[35m (0.4ms)[0m  SELECT version FROM "schema_migrations"
  [1m[36m (2.5ms)[0m  [1mINSERT INTO "schema_migrations" (version) VALUES ('0')[0m
  [1m[35mSQL (0.3ms)[0m  CREATE EXTENSION IF NOT EXISTS "plpgsql"
  [1m[36m (14.0ms)[0m  [1mCREATE TABLE "schema_migrations" ("version" character varying NOT NULL) [0m
  [1m[35m (6.6ms)[0m  CREATE UNIQUE INDEX  "unique_schema_migrations" ON "schema_migrations"  ("version")
  [1m[36m (0.5ms)[0m  [1mSELECT version FROM "schema_migrations"[0m
  [1m[35m (2.7ms)[0m  INSERT INTO "schema_migrations" (version) VALUES ('0')
  [1m[36mActiveRecord::SchemaMigration Load (0.4ms)[0m  [1mSELECT "schema_migrations".* FROM "schema_migrations"[0m
  [1m[36mActiveRecord::SchemaMigration Load (0.3ms)[0m  [1mSELECT "schema_migrations".* FROM "schema_migrations"[0m
Migrating to User (20170702092607)
  [1m[35m (0.2ms)[0m  BEGIN
DEPRECATION WARNING: `#timestamps` was called without specifying an option for `null`. In Rails 5, this behavior will change to `null: false`. You should manually specify `null: true` to prevent the behavior of your existing migrations from changing. (called from block in up at /home/ubuntu/workspace/db/migrate/20170702092607_user.rb:11)
  [1m[36m (15.2ms)[0m  [1mCREATE TABLE "users" ("id" serial primary key, "username" character varying(32) NOT NULL, "password" character varying(64) NOT NULL, "name" character varying(32) NOT NULL, "surname" character varying(32), "pp_url" character varying(128), "bio" character varying(256), "created_at" timestamp, "updated_at" timestamp) [0m
  [1m[35mSQL (0.5ms)[0m  INSERT INTO "schema_migrations" ("version") VALUES ($1)  [["version", "20170702092607"]]
  [1m[36m (7.1ms)[0m  [1mCOMMIT[0m
Migrating to Not2do (20170702092745)
  [1m[36m (110.5ms)[0m  [1mDROP DATABASE IF EXISTS "my_database_development"[0m
  [1m[35m (109.1ms)[0m  DROP DATABASE IF EXISTS "my_database_test"
  [1m[36m (1065.9ms)[0m  [1mCREATE DATABASE "my_database_development" ENCODING = 'utf8' TEMPLATE = "template0"[0m
  [1m[35m (936.6ms)[0m  CREATE DATABASE "my_database_test" ENCODING = 'utf8' TEMPLATE = "template0"
  [1m[36mSQL (2.0ms)[0m  [1mCREATE EXTENSION IF NOT EXISTS "plpgsql"[0m
  [1m[35m (13.8ms)[0m  CREATE TABLE "schema_migrations" ("version" character varying NOT NULL) 
  [1m[36m (11.0ms)[0m  [1mCREATE UNIQUE INDEX  "unique_schema_migrations" ON "schema_migrations"  ("version")[0m
  [1m[35m (0.5ms)[0m  SELECT version FROM "schema_migrations"
  [1m[36m (2.9ms)[0m  [1mINSERT INTO "schema_migrations" (version) VALUES ('0')[0m
  [1m[35mSQL (0.2ms)[0m  CREATE EXTENSION IF NOT EXISTS "plpgsql"
  [1m[36m (14.0ms)[0m  [1mCREATE TABLE "schema_migrations" ("version" character varying NOT NULL) [0m
  [1m[35m (6.8ms)[0m  CREATE UNIQUE INDEX  "unique_schema_migrations" ON "schema_migrations"  ("version")
  [1m[36m (0.4ms)[0m  [1mSELECT version FROM "schema_migrations"[0m
  [1m[35m (2.7ms)[0m  INSERT INTO "schema_migrations" (version) VALUES ('0')
  [1m[36mActiveRecord::SchemaMigration Load (0.3ms)[0m  [1mSELECT "schema_migrations".* FROM "schema_migrations"[0m
  [1m[36mActiveRecord::SchemaMigration Load (0.4ms)[0m  [1mSELECT "schema_migrations".* FROM "schema_migrations"[0m
Migrating to User (20170702092607)
  [1m[35m (0.2ms)[0m  BEGIN
DEPRECATION WARNING: `#timestamps` was called without specifying an option for `null`. In Rails 5, this behavior will change to `null: false`. You should manually specify `null: true` to prevent the behavior of your existing migrations from changing. (called from block in up at /home/ubuntu/workspace/db/migrate/20170702092607_user.rb:11)
  [1m[36m (14.4ms)[0m  [1mCREATE TABLE "users" ("id" serial primary key, "username" character varying(32) NOT NULL, "password" character varying(64) NOT NULL, "name" character varying(32) NOT NULL, "surname" character varying(32), "pp_url" character varying(128), "bio" character varying(256), "created_at" timestamp, "updated_at" timestamp) [0m
  [1m[35mSQL (0.4ms)[0m  INSERT INTO "schema_migrations" ("version") VALUES ($1)  [["version", "20170702092607"]]
  [1m[36m (6.6ms)[0m  [1mCOMMIT[0m
Migrating to Not2do (20170702092745)
  [1m[36m (108.7ms)[0m  [1mDROP DATABASE IF EXISTS "my_database_development"[0m
  [1m[35m (108.9ms)[0m  DROP DATABASE IF EXISTS "my_database_test"
  [1m[36m (945.4ms)[0m  [1mCREATE DATABASE "my_database_development" ENCODING = 'utf8' TEMPLATE = "template0"[0m
  [1m[35m (978.8ms)[0m  CREATE DATABASE "my_database_test" ENCODING = 'utf8' TEMPLATE = "template0"
  [1m[36mSQL (0.3ms)[0m  [1mCREATE EXTENSION IF NOT EXISTS "plpgsql"[0m
  [1m[35m (11.1ms)[0m  CREATE TABLE "schema_migrations" ("version" character varying NOT NULL) 
  [1m[36m (17.8ms)[0m  [1mCREATE UNIQUE INDEX  "unique_schema_migrations" ON "schema_migrations"  ("version")[0m
  [1m[35m (0.6ms)[0m  SELECT version FROM "schema_migrations"
  [1m[36m (3.4ms)[0m  [1mINSERT INTO "schema_migrations" (version) VALUES ('0')[0m
  [1m[35mSQL (0.3ms)[0m  CREATE EXTENSION IF NOT EXISTS "plpgsql"
  [1m[36m (13.5ms)[0m  [1mCREATE TABLE "schema_migrations" ("version" character varying NOT NULL) [0m
  [1m[35m (6.6ms)[0m  CREATE UNIQUE INDEX  "unique_schema_migrations" ON "schema_migrations"  ("version")
  [1m[36m (0.5ms)[0m  [1mSELECT version FROM "schema_migrations"[0m
  [1m[35m (6.0ms)[0m  INSERT INTO "schema_migrations" (version) VALUES ('0')
  [1m[36mActiveRecord::SchemaMigration Load (0.4ms)[0m  [1mSELECT "schema_migrations".* FROM "schema_migrations"[0m
  [1m[36mActiveRecord::SchemaMigration Load (0.4ms)[0m  [1mSELECT "schema_migrations".* FROM "schema_migrations"[0m
Migrating to User (20170702092607)
  [1m[35m (0.2ms)[0m  BEGIN
DEPRECATION WARNING: `#timestamps` was called without specifying an option for `null`. In Rails 5, this behavior will change to `null: false`. You should manually specify `null: true` to prevent the behavior of your existing migrations from changing. (called from block in up at /home/ubuntu/workspace/db/migrate/20170702092607_user.rb:11)
  [1m[36m (15.4ms)[0m  [1mCREATE TABLE "users" ("id" serial primary key, "username" character varying(32) NOT NULL, "password" character varying(64) NOT NULL, "name" character varying(32) NOT NULL, "surname" character varying(32), "pp_url" character varying(128), "bio" character varying(256), "created_at" timestamp, "updated_at" timestamp) [0m
  [1m[35mSQL (0.4ms)[0m  INSERT INTO "schema_migrations" ("version") VALUES ($1)  [["version", "20170702092607"]]
  [1m[36m (5.9ms)[0m  [1mCOMMIT[0m
Migrating to Follow (20170702092807)
  [1m[35m (0.3ms)[0m  BEGIN
  [1m[36mSQL (0.2ms)[0m  [1mINSERT INTO "schema_migrations" ("version") VALUES ($1)[0m  [["version", "20170702092807"]]
  [1m[35m (2.7ms)[0m  COMMIT
Migrating to Notification (20170702092818)
  [1m[36m (0.2ms)[0m  [1mBEGIN[0m
  [1m[35mSQL (0.3ms)[0m  INSERT INTO "schema_migrations" ("version") VALUES ($1)  [["version", "20170702092818"]]
  [1m[36m (3.7ms)[0m  [1mCOMMIT[0m
Migrating to Token (20170702092825)
  [1m[35m (0.2ms)[0m  BEGIN
  [1m[36mSQL (0.2ms)[0m  [1mINSERT INTO "schema_migrations" ("version") VALUES ($1)[0m  [["version", "20170702092825"]]
  [1m[35m (2.4ms)[0m  COMMIT
Migrating to NotToDo (20170702101802)
  [1m[36m (0.2ms)[0m  [1mBEGIN[0m
DEPRECATION WARNING: `#timestamps` was called without specifying an option for `null`. In Rails 5, this behavior will change to `null: false`. You should manually specify `null: true` to prevent the behavior of your existing migrations from changing. (called from block in up at /home/ubuntu/workspace/db/migrate/20170702101802_not_to_do.rb:8)
  [1m[35m (7.9ms)[0m  CREATE TABLE "not2do" ("id" serial primary key, "creator_id" integer, "privacy" integer DEFAULT 0, "participant_count" integer DEFAULT 0, "content" character varying(256), "created_at" timestamp, "updated_at" timestamp) 
  [1m[36m (5.8ms)[0m  [1mCREATE  INDEX  "index_not2do_on_creator_id" ON "not2do"  ("creator_id")[0m
  [1m[35m (4.6ms)[0m  ALTER TABLE "not2do" ADD CONSTRAINT "fk_rails_df8b7ba4ac"
FOREIGN KEY ("creator_id")
  REFERENCES "creators" ("id")

  [1m[36m (0.2ms)[0m  [1mROLLBACK[0m
  [1m[36m (110.4ms)[0m  [1mDROP DATABASE IF EXISTS "my_database_development"[0m
  [1m[35m (110.5ms)[0m  DROP DATABASE IF EXISTS "my_database_test"
  [1m[36m (932.4ms)[0m  [1mCREATE DATABASE "my_database_development" ENCODING = 'utf8' TEMPLATE = "template0"[0m
  [1m[35m (1015.1ms)[0m  CREATE DATABASE "my_database_test" ENCODING = 'utf8' TEMPLATE = "template0"
  [1m[36mSQL (0.3ms)[0m  [1mCREATE EXTENSION IF NOT EXISTS "plpgsql"[0m
  [1m[35m (13.4ms)[0m  CREATE TABLE "schema_migrations" ("version" character varying NOT NULL) 
  [1m[36m (9.9ms)[0m  [1mCREATE UNIQUE INDEX  "unique_schema_migrations" ON "schema_migrations"  ("version")[0m
  [1m[35m (0.5ms)[0m  SELECT version FROM "schema_migrations"
  [1m[36m (2.9ms)[0m  [1mINSERT INTO "schema_migrations" (version) VALUES ('0')[0m
  [1m[35mSQL (0.3ms)[0m  CREATE EXTENSION IF NOT EXISTS "plpgsql"
  [1m[36m (14.3ms)[0m  [1mCREATE TABLE "schema_migrations" ("version" character varying NOT NULL) [0m
  [1m[35m (11.1ms)[0m  CREATE UNIQUE INDEX  "unique_schema_migrations" ON "schema_migrations"  ("version")
  [1m[36m (0.5ms)[0m  [1mSELECT version FROM "schema_migrations"[0m
  [1m[35m (3.2ms)[0m  INSERT INTO "schema_migrations" (version) VALUES ('0')
  [1m[36mActiveRecord::SchemaMigration Load (0.3ms)[0m  [1mSELECT "schema_migrations".* FROM "schema_migrations"[0m
  [1m[36mActiveRecord::SchemaMigration Load (0.4ms)[0m  [1mSELECT "schema_migrations".* FROM "schema_migrations"[0m
Migrating to User (20170702092607)
  [1m[35m (0.2ms)[0m  BEGIN
DEPRECATION WARNING: `#timestamps` was called without specifying an option for `null`. In Rails 5, this behavior will change to `null: false`. You should manually specify `null: true` to prevent the behavior of your existing migrations from changing. (called from block in up at /home/ubuntu/workspace/db/migrate/20170702092607_user.rb:11)
  [1m[36m (14.3ms)[0m  [1mCREATE TABLE "users" ("id" serial primary key, "username" character varying(32) NOT NULL, "password" character varying(64) NOT NULL, "name" character varying(32) NOT NULL, "surname" character varying(32), "pp_url" character varying(128), "bio" character varying(256), "created_at" timestamp, "updated_at" timestamp) [0m
  [1m[35mSQL (0.3ms)[0m  INSERT INTO "schema_migrations" ("version") VALUES ($1)  [["version", "20170702092607"]]
  [1m[36m (6.7ms)[0m  [1mCOMMIT[0m
Migrating to Follow (20170702092807)
  [1m[35m (0.2ms)[0m  BEGIN
  [1m[36mSQL (0.2ms)[0m  [1mINSERT INTO "schema_migrations" ("version") VALUES ($1)[0m  [["version", "20170702092807"]]
  [1m[35m (2.8ms)[0m  COMMIT
Migrating to Notification (20170702092818)
  [1m[36m (0.1ms)[0m  [1mBEGIN[0m
  [1m[35mSQL (0.2ms)[0m  INSERT INTO "schema_migrations" ("version") VALUES ($1)  [["version", "20170702092818"]]
  [1m[36m (3.1ms)[0m  [1mCOMMIT[0m
Migrating to Token (20170702092825)
  [1m[35m (0.1ms)[0m  BEGIN
  [1m[36mSQL (0.2ms)[0m  [1mINSERT INTO "schema_migrations" ("version") VALUES ($1)[0m  [["version", "20170702092825"]]
  [1m[35m (2.8ms)[0m  COMMIT
Migrating to NotToDo (20170702101802)
  [1m[36m (0.2ms)[0m  [1mBEGIN[0m
DEPRECATION WARNING: `#timestamps` was called without specifying an option for `null`. In Rails 5, this behavior will change to `null: false`. You should manually specify `null: true` to prevent the behavior of your existing migrations from changing. (called from block in up at /home/ubuntu/workspace/db/migrate/20170702101802_not_to_do.rb:8)
  [1m[35m (6.2ms)[0m  CREATE TABLE "not2do" ("id" serial primary key, "user_id" integer, "privacy" integer DEFAULT 0, "participant_count" integer DEFAULT 0, "content" character varying(256), "created_at" timestamp, "updated_at" timestamp) 
  [1m[36m (6.3ms)[0m  [1mCREATE  INDEX  "index_not2do_on_user_id" ON "not2do"  ("user_id")[0m
  [1m[35m (1.5ms)[0m  ALTER TABLE "not2do" ADD CONSTRAINT "fk_rails_4a69de85ca"
FOREIGN KEY ("user_id")
  REFERENCES "users" ("id")

  [1m[36m (1.4ms)[0m  [1mALTER TABLE "not2do" ADD CONSTRAINT "fk_rails_c9c984bca7"
FOREIGN KEY ("post_id")
  REFERENCES "my_posts" ("id")
[0m
  [1m[35m (0.1ms)[0m  ROLLBACK
  [1m[36m (112.7ms)[0m  [1mDROP DATABASE IF EXISTS "my_database_development"[0m
  [1m[35m (110.0ms)[0m  DROP DATABASE IF EXISTS "my_database_test"
  [1m[36m (946.9ms)[0m  [1mCREATE DATABASE "my_database_development" ENCODING = 'utf8' TEMPLATE = "template0"[0m
  [1m[35m (886.2ms)[0m  CREATE DATABASE "my_database_test" ENCODING = 'utf8' TEMPLATE = "template0"
  [1m[36mSQL (0.3ms)[0m  [1mCREATE EXTENSION IF NOT EXISTS "plpgsql"[0m
  [1m[35m (13.6ms)[0m  CREATE TABLE "schema_migrations" ("version" character varying NOT NULL) 
  [1m[36m (9.2ms)[0m  [1mCREATE UNIQUE INDEX  "unique_schema_migrations" ON "schema_migrations"  ("version")[0m
  [1m[35m (0.5ms)[0m  SELECT version FROM "schema_migrations"
  [1m[36m (2.8ms)[0m  [1mINSERT INTO "schema_migrations" (version) VALUES ('0')[0m
  [1m[35mSQL (0.3ms)[0m  CREATE EXTENSION IF NOT EXISTS "plpgsql"
  [1m[36m (12.4ms)[0m  [1mCREATE TABLE "schema_migrations" ("version" character varying NOT NULL) [0m
  [1m[35m (6.6ms)[0m  CREATE UNIQUE INDEX  "unique_schema_migrations" ON "schema_migrations"  ("version")
  [1m[36m (0.4ms)[0m  [1mSELECT version FROM "schema_migrations"[0m
  [1m[35m (4.8ms)[0m  INSERT INTO "schema_migrations" (version) VALUES ('0')
  [1m[36mActiveRecord::SchemaMigration Load (0.3ms)[0m  [1mSELECT "schema_migrations".* FROM "schema_migrations"[0m
  [1m[36mActiveRecord::SchemaMigration Load (0.4ms)[0m  [1mSELECT "schema_migrations".* FROM "schema_migrations"[0m
Migrating to User (20170702092607)
  [1m[35m (0.3ms)[0m  BEGIN
DEPRECATION WARNING: `#timestamps` was called without specifying an option for `null`. In Rails 5, this behavior will change to `null: false`. You should manually specify `null: true` to prevent the behavior of your existing migrations from changing. (called from block in up at /home/ubuntu/workspace/db/migrate/20170702092607_user.rb:11)
  [1m[36m (17.0ms)[0m  [1mCREATE TABLE "users" ("id" serial primary key, "username" character varying(32) NOT NULL, "password" character varying(64) NOT NULL, "name" character varying(32) NOT NULL, "surname" character varying(32), "pp_url" character varying(128), "bio" character varying(256), "created_at" timestamp, "updated_at" timestamp) [0m
  [1m[35mSQL (0.5ms)[0m  INSERT INTO "schema_migrations" ("version") VALUES ($1)  [["version", "20170702092607"]]
  [1m[36m (10.1ms)[0m  [1mCOMMIT[0m
Migrating to Follow (20170702092807)
  [1m[35m (0.3ms)[0m  BEGIN
  [1m[36mSQL (0.3ms)[0m  [1mINSERT INTO "schema_migrations" ("version") VALUES ($1)[0m  [["version", "20170702092807"]]
  [1m[35m (3.2ms)[0m  COMMIT
Migrating to Notification (20170702092818)
  [1m[36m (0.2ms)[0m  [1mBEGIN[0m
  [1m[35mSQL (0.2ms)[0m  INSERT INTO "schema_migrations" ("version") VALUES ($1)  [["version", "20170702092818"]]
  [1m[36m (3.7ms)[0m  [1mCOMMIT[0m
Migrating to Token (20170702092825)
  [1m[35m (0.2ms)[0m  BEGIN
  [1m[36mSQL (0.2ms)[0m  [1mINSERT INTO "schema_migrations" ("version") VALUES ($1)[0m  [["version", "20170702092825"]]
  [1m[35m (3.1ms)[0m  COMMIT
Migrating to NotToDo (20170702101802)
  [1m[36m (0.2ms)[0m  [1mBEGIN[0m
DEPRECATION WARNING: `#timestamps` was called without specifying an option for `null`. In Rails 5, this behavior will change to `null: false`. You should manually specify `null: true` to prevent the behavior of your existing migrations from changing. (called from block in up at /home/ubuntu/workspace/db/migrate/20170702101802_not_to_do.rb:8)
  [1m[35m (8.5ms)[0m  CREATE TABLE "not2do" ("id" serial primary key, "user_id" integer, "privacy" integer DEFAULT 0, "participant_count" integer DEFAULT 0, "content" character varying(256), "created_at" timestamp, "updated_at" timestamp) 
  [1m[36m (7.4ms)[0m  [1mCREATE  INDEX  "index_not2do_on_user_id" ON "not2do"  ("user_id")[0m
  [1m[35m (2.5ms)[0m  ALTER TABLE "not2do" ADD CONSTRAINT "fk_rails_4a69de85ca"
FOREIGN KEY ("user_id")
  REFERENCES "users" ("id")

  [1m[36mSQL (0.2ms)[0m  [1mINSERT INTO "schema_migrations" ("version") VALUES ($1)[0m  [["version", "20170702101802"]]
  [1m[35m (5.1ms)[0m  COMMIT
Migrating to Participate (20170702101815)
  [1m[36m (0.3ms)[0m  [1mBEGIN[0m
  [1m[35mSQL (0.3ms)[0m  INSERT INTO "schema_migrations" ("version") VALUES ($1)  [["version", "20170702101815"]]
  [1m[36m (3.6ms)[0m  [1mCOMMIT[0m
  [1m[35mActiveRecord::SchemaMigration Load (0.3ms)[0m  SELECT "schema_migrations".* FROM "schema_migrations"
  [1m[36m (3.5ms)[0m  [1mSELECT t2.oid::regclass::text AS to_table, a1.attname AS column, a2.attname AS primary_key, c.conname AS name, c.confupdtype AS on_update, c.confdeltype AS on_delete
FROM pg_constraint c
JOIN pg_class t1 ON c.conrelid = t1.oid
JOIN pg_class t2 ON c.confrelid = t2.oid
JOIN pg_attribute a1 ON a1.attnum = c.conkey[1] AND a1.attrelid = t1.oid
JOIN pg_attribute a2 ON a2.attnum = c.confkey[1] AND a2.attrelid = t2.oid
JOIN pg_namespace t3 ON c.connamespace = t3.oid
WHERE c.contype = 'f'
  AND t1.relname = 'not2do'
  AND t3.nspname = ANY (current_schemas(false))
ORDER BY c.conname
[0m
  [1m[35m (3.0ms)[0m  SELECT t2.oid::regclass::text AS to_table, a1.attname AS column, a2.attname AS primary_key, c.conname AS name, c.confupdtype AS on_update, c.confdeltype AS on_delete
FROM pg_constraint c
JOIN pg_class t1 ON c.conrelid = t1.oid
JOIN pg_class t2 ON c.confrelid = t2.oid
JOIN pg_attribute a1 ON a1.attnum = c.conkey[1] AND a1.attrelid = t1.oid
JOIN pg_attribute a2 ON a2.attnum = c.confkey[1] AND a2.attrelid = t2.oid
JOIN pg_namespace t3 ON c.connamespace = t3.oid
WHERE c.contype = 'f'
  AND t1.relname = 'users'
  AND t3.nspname = ANY (current_schemas(false))
ORDER BY c.conname

  [1m[36m (109.8ms)[0m  [1mDROP DATABASE IF EXISTS "my_database_development"[0m
  [1m[35m (109.7ms)[0m  DROP DATABASE IF EXISTS "my_database_test"
  [1m[36m (928.6ms)[0m  [1mCREATE DATABASE "my_database_development" ENCODING = 'utf8' TEMPLATE = "template0"[0m
  [1m[35m (892.7ms)[0m  CREATE DATABASE "my_database_test" ENCODING = 'utf8' TEMPLATE = "template0"
  [1m[36mSQL (0.3ms)[0m  [1mCREATE EXTENSION IF NOT EXISTS "plpgsql"[0m
  [1m[35m (15.1ms)[0m  CREATE TABLE "not2do" ("id" serial primary key, "user_id" integer, "privacy" integer DEFAULT 0, "participant_count" integer DEFAULT 0, "content" character varying(256), "created_at" timestamp, "updated_at" timestamp) 
  [1m[36m (8.7ms)[0m  [1mCREATE  INDEX  "index_not2do_on_user_id" ON "not2do" USING btree ("user_id")[0m
  [1m[35m (15.0ms)[0m  CREATE TABLE "users" ("id" serial primary key, "username" character varying(32) NOT NULL, "password" character varying(64) NOT NULL, "name" character varying(32) NOT NULL, "surname" character varying(32), "pp_url" character varying(128), "bio" character varying(256), "created_at" timestamp, "updated_at" timestamp) 
  [1m[36m (7.6ms)[0m  [1mALTER TABLE "not2do" ADD CONSTRAINT "fk_rails_4a69de85ca"
FOREIGN KEY ("user_id")
  REFERENCES "users" ("id")
[0m
  [1m[35m (8.9ms)[0m  CREATE TABLE "schema_migrations" ("version" character varying NOT NULL) 
  [1m[36m (6.0ms)[0m  [1mCREATE UNIQUE INDEX  "unique_schema_migrations" ON "schema_migrations"  ("version")[0m
  [1m[35m (0.4ms)[0m  SELECT version FROM "schema_migrations"
  [1m[36m (2.7ms)[0m  [1mINSERT INTO "schema_migrations" (version) VALUES ('20170702101815')[0m
  [1m[35m (2.9ms)[0m  INSERT INTO "schema_migrations" (version) VALUES ('20170702092807')
  [1m[36m (1.1ms)[0m  [1mINSERT INTO "schema_migrations" (version) VALUES ('20170702101802')[0m
  [1m[35m (2.6ms)[0m  INSERT INTO "schema_migrations" (version) VALUES ('20170702092607')
  [1m[36m (1.1ms)[0m  [1mINSERT INTO "schema_migrations" (version) VALUES ('20170702092825')[0m
  [1m[35m (2.6ms)[0m  INSERT INTO "schema_migrations" (version) VALUES ('20170702092818')
  [1m[36mSQL (0.3ms)[0m  [1mCREATE EXTENSION IF NOT EXISTS "plpgsql"[0m
  [1m[35m (11.7ms)[0m  CREATE TABLE "not2do" ("id" serial primary key, "user_id" integer, "privacy" integer DEFAULT 0, "participant_count" integer DEFAULT 0, "content" character varying(256), "created_at" timestamp, "updated_at" timestamp) 
  [1m[36m (9.2ms)[0m  [1mCREATE  INDEX  "index_not2do_on_user_id" ON "not2do" USING btree ("user_id")[0m
  [1m[35m (13.8ms)[0m  CREATE TABLE "users" ("id" serial primary key, "username" character varying(32) NOT NULL, "password" character varying(64) NOT NULL, "name" character varying(32) NOT NULL, "surname" character varying(32), "pp_url" character varying(128), "bio" character varying(256), "created_at" timestamp, "updated_at" timestamp) 
  [1m[36m (7.6ms)[0m  [1mALTER TABLE "not2do" ADD CONSTRAINT "fk_rails_4a69de85ca"
FOREIGN KEY ("user_id")
  REFERENCES "users" ("id")
[0m
  [1m[35m (13.2ms)[0m  CREATE TABLE "schema_migrations" ("version" character varying NOT NULL) 
  [1m[36m (10.8ms)[0m  [1mCREATE UNIQUE INDEX  "unique_schema_migrations" ON "schema_migrations"  ("version")[0m
  [1m[35m (0.5ms)[0m  SELECT version FROM "schema_migrations"
  [1m[36m (2.9ms)[0m  [1mINSERT INTO "schema_migrations" (version) VALUES ('20170702101815')[0m
  [1m[35m (2.7ms)[0m  INSERT INTO "schema_migrations" (version) VALUES ('20170702092807')
  [1m[36m (1.1ms)[0m  [1mINSERT INTO "schema_migrations" (version) VALUES ('20170702101802')[0m
  [1m[35m (2.6ms)[0m  INSERT INTO "schema_migrations" (version) VALUES ('20170702092607')
  [1m[36m (1.2ms)[0m  [1mINSERT INTO "schema_migrations" (version) VALUES ('20170702092825')[0m
  [1m[35m (1.1ms)[0m  INSERT INTO "schema_migrations" (version) VALUES ('20170702092818')
  [1m[36mActiveRecord::SchemaMigration Load (0.3ms)[0m  [1mSELECT "schema_migrations".* FROM "schema_migrations"[0m
  [1m[36mActiveRecord::SchemaMigration Load (0.3ms)[0m  [1mSELECT "schema_migrations".* FROM "schema_migrations"[0m
  [1m[35mActiveRecord::SchemaMigration Load (0.2ms)[0m  SELECT "schema_migrations".* FROM "schema_migrations"
  [1m[36m (2.5ms)[0m  [1mSELECT t2.oid::regclass::text AS to_table, a1.attname AS column, a2.attname AS primary_key, c.conname AS name, c.confupdtype AS on_update, c.confdeltype AS on_delete
FROM pg_constraint c
JOIN pg_class t1 ON c.conrelid = t1.oid
JOIN pg_class t2 ON c.confrelid = t2.oid
JOIN pg_attribute a1 ON a1.attnum = c.conkey[1] AND a1.attrelid = t1.oid
JOIN pg_attribute a2 ON a2.attnum = c.confkey[1] AND a2.attrelid = t2.oid
JOIN pg_namespace t3 ON c.connamespace = t3.oid
WHERE c.contype = 'f'
  AND t1.relname = 'not2do'
  AND t3.nspname = ANY (current_schemas(false))
ORDER BY c.conname
[0m
  [1m[35m (1.8ms)[0m  SELECT t2.oid::regclass::text AS to_table, a1.attname AS column, a2.attname AS primary_key, c.conname AS name, c.confupdtype AS on_update, c.confdeltype AS on_delete
FROM pg_constraint c
JOIN pg_class t1 ON c.conrelid = t1.oid
JOIN pg_class t2 ON c.confrelid = t2.oid
JOIN pg_attribute a1 ON a1.attnum = c.conkey[1] AND a1.attrelid = t1.oid
JOIN pg_attribute a2 ON a2.attnum = c.confkey[1] AND a2.attrelid = t2.oid
JOIN pg_namespace t3 ON c.connamespace = t3.oid
WHERE c.contype = 'f'
  AND t1.relname = 'users'
  AND t3.nspname = ANY (current_schemas(false))
ORDER BY c.conname

  [1m[36m (13.0ms)[0m  [1mCREATE TABLE "schema_migrations" ("version" character varying NOT NULL) [0m
  [1m[35m (6.3ms)[0m  CREATE UNIQUE INDEX  "unique_schema_migrations" ON "schema_migrations"  ("version")
  [1m[36mActiveRecord::SchemaMigration Load (0.3ms)[0m  [1mSELECT "schema_migrations".* FROM "schema_migrations"[0m
Migrating to User (20170702092607)
  [1m[35m (0.1ms)[0m  BEGIN
  [1m[36m (11.4ms)[0m  [1mCREATE TABLE "users" ("id" serial primary key, "username" character varying(32) NOT NULL, "password" character varying(64) NOT NULL, "name" character varying(32) NOT NULL, "surname" character varying(32), "pp_url" character varying(128), "bio" character varying(256), "created_at" timestamp NOT NULL, "updated_at" timestamp NOT NULL) [0m
  [1m[35mSQL (0.4ms)[0m  INSERT INTO "schema_migrations" ("version") VALUES ($1)  [["version", "20170702092607"]]
  [1m[36m (5.6ms)[0m  [1mCOMMIT[0m
Migrating to Follow (20170702092807)
  [1m[35m (0.2ms)[0m  BEGIN
  [1m[36m (6.7ms)[0m  [1mCREATE TABLE "follows" ("id" serial primary key, "follower_id_id" integer, "following_id" integer, "created_at" timestamp NOT NULL, "updated_at" timestamp NOT NULL) [0m
  [1m[35m (5.2ms)[0m  CREATE  INDEX  "index_follows_on_follower_id_id" ON "follows"  ("follower_id_id")
  [1m[36m (3.7ms)[0m  [1mCREATE  INDEX  "index_follows_on_following_id" ON "follows"  ("following_id")[0m
  [1m[35m (1.2ms)[0m  ALTER TABLE "follows" ADD CONSTRAINT "fk_rails_622d34a301"
FOREIGN KEY ("follower_id")
  REFERENCES "users" ("id")

  [1m[36m (0.2ms)[0m  [1mROLLBACK[0m
  [1m[36m (110.4ms)[0m  [1mDROP DATABASE IF EXISTS "my_database_development"[0m
  [1m[35m (110.2ms)[0m  DROP DATABASE IF EXISTS "my_database_test"
  [1m[36m (859.0ms)[0m  [1mCREATE DATABASE "my_database_development" ENCODING = 'utf8' TEMPLATE = "template0"[0m
  [1m[35m (922.6ms)[0m  CREATE DATABASE "my_database_test" ENCODING = 'utf8' TEMPLATE = "template0"
  [1m[36mSQL (0.4ms)[0m  [1mCREATE EXTENSION IF NOT EXISTS "plpgsql"[0m
  [1m[35m (13.2ms)[0m  CREATE TABLE "not2do" ("id" serial primary key, "user_id" integer, "privacy" integer DEFAULT 0, "participant_count" integer DEFAULT 0, "content" character varying(256), "created_at" timestamp, "updated_at" timestamp) 
  [1m[36m (8.2ms)[0m  [1mCREATE  INDEX  "index_not2do_on_user_id" ON "not2do" USING btree ("user_id")[0m
  [1m[35m (16.0ms)[0m  CREATE TABLE "users" ("id" serial primary key, "username" character varying(32) NOT NULL, "password" character varying(64) NOT NULL, "name" character varying(32) NOT NULL, "surname" character varying(32), "pp_url" character varying(128), "bio" character varying(256), "created_at" timestamp, "updated_at" timestamp) 
  [1m[36m (7.5ms)[0m  [1mALTER TABLE "not2do" ADD CONSTRAINT "fk_rails_4a69de85ca"
FOREIGN KEY ("user_id")
  REFERENCES "users" ("id")
[0m
  [1m[35m (9.6ms)[0m  CREATE TABLE "schema_migrations" ("version" character varying NOT NULL) 
  [1m[36m (5.9ms)[0m  [1mCREATE UNIQUE INDEX  "unique_schema_migrations" ON "schema_migrations"  ("version")[0m
  [1m[35m (0.4ms)[0m  SELECT version FROM "schema_migrations"
  [1m[36m (2.7ms)[0m  [1mINSERT INTO "schema_migrations" (version) VALUES ('20170702101815')[0m
  [1m[35m (2.6ms)[0m  INSERT INTO "schema_migrations" (version) VALUES ('20170702092807')
  [1m[36m (1.1ms)[0m  [1mINSERT INTO "schema_migrations" (version) VALUES ('20170702101802')[0m
  [1m[35m (2.7ms)[0m  INSERT INTO "schema_migrations" (version) VALUES ('20170702092607')
  [1m[36m (1.1ms)[0m  [1mINSERT INTO "schema_migrations" (version) VALUES ('20170702092825')[0m
  [1m[35m (2.8ms)[0m  INSERT INTO "schema_migrations" (version) VALUES ('20170702092818')
  [1m[36mSQL (0.3ms)[0m  [1mCREATE EXTENSION IF NOT EXISTS "plpgsql"[0m
  [1m[35m (15.3ms)[0m  CREATE TABLE "not2do" ("id" serial primary key, "user_id" integer, "privacy" integer DEFAULT 0, "participant_count" integer DEFAULT 0, "content" character varying(256), "created_at" timestamp, "updated_at" timestamp) 
  [1m[36m (8.3ms)[0m  [1mCREATE  INDEX  "index_not2do_on_user_id" ON "not2do" USING btree ("user_id")[0m
  [1m[35m (14.8ms)[0m  CREATE TABLE "users" ("id" serial primary key, "username" character varying(32) NOT NULL, "password" character varying(64) NOT NULL, "name" character varying(32) NOT NULL, "surname" character varying(32), "pp_url" character varying(128), "bio" character varying(256), "created_at" timestamp, "updated_at" timestamp) 
  [1m[36m (7.4ms)[0m  [1mALTER TABLE "not2do" ADD CONSTRAINT "fk_rails_4a69de85ca"
FOREIGN KEY ("user_id")
  REFERENCES "users" ("id")
[0m
  [1m[35m (11.3ms)[0m  CREATE TABLE "schema_migrations" ("version" character varying NOT NULL) 
  [1m[36m (6.6ms)[0m  [1mCREATE UNIQUE INDEX  "unique_schema_migrations" ON "schema_migrations"  ("version")[0m
  [1m[35m (0.3ms)[0m  SELECT version FROM "schema_migrations"
  [1m[36m (3.0ms)[0m  [1mINSERT INTO "schema_migrations" (version) VALUES ('20170702101815')[0m
  [1m[35m (2.6ms)[0m  INSERT INTO "schema_migrations" (version) VALUES ('20170702092807')
  [1m[36m (1.3ms)[0m  [1mINSERT INTO "schema_migrations" (version) VALUES ('20170702101802')[0m
  [1m[35m (2.7ms)[0m  INSERT INTO "schema_migrations" (version) VALUES ('20170702092607')
  [1m[36m (1.1ms)[0m  [1mINSERT INTO "schema_migrations" (version) VALUES ('20170702092825')[0m
  [1m[35m (2.7ms)[0m  INSERT INTO "schema_migrations" (version) VALUES ('20170702092818')
  [1m[36mActiveRecord::SchemaMigration Load (0.4ms)[0m  [1mSELECT "schema_migrations".* FROM "schema_migrations"[0m
  [1m[36mActiveRecord::SchemaMigration Load (0.4ms)[0m  [1mSELECT "schema_migrations".* FROM "schema_migrations"[0m
  [1m[35mActiveRecord::SchemaMigration Load (0.2ms)[0m  SELECT "schema_migrations".* FROM "schema_migrations"
  [1m[36m (2.4ms)[0m  [1mSELECT t2.oid::regclass::text AS to_table, a1.attname AS column, a2.attname AS primary_key, c.conname AS name, c.confupdtype AS on_update, c.confdeltype AS on_delete
FROM pg_constraint c
JOIN pg_class t1 ON c.conrelid = t1.oid
JOIN pg_class t2 ON c.confrelid = t2.oid
JOIN pg_attribute a1 ON a1.attnum = c.conkey[1] AND a1.attrelid = t1.oid
JOIN pg_attribute a2 ON a2.attnum = c.confkey[1] AND a2.attrelid = t2.oid
JOIN pg_namespace t3 ON c.connamespace = t3.oid
WHERE c.contype = 'f'
  AND t1.relname = 'not2do'
  AND t3.nspname = ANY (current_schemas(false))
ORDER BY c.conname
[0m
  [1m[35m (1.8ms)[0m  SELECT t2.oid::regclass::text AS to_table, a1.attname AS column, a2.attname AS primary_key, c.conname AS name, c.confupdtype AS on_update, c.confdeltype AS on_delete
FROM pg_constraint c
JOIN pg_class t1 ON c.conrelid = t1.oid
JOIN pg_class t2 ON c.confrelid = t2.oid
JOIN pg_attribute a1 ON a1.attnum = c.conkey[1] AND a1.attrelid = t1.oid
JOIN pg_attribute a2 ON a2.attnum = c.confkey[1] AND a2.attrelid = t2.oid
JOIN pg_namespace t3 ON c.connamespace = t3.oid
WHERE c.contype = 'f'
  AND t1.relname = 'users'
  AND t3.nspname = ANY (current_schemas(false))
ORDER BY c.conname

  [1m[36m (13.4ms)[0m  [1mCREATE TABLE "schema_migrations" ("version" character varying NOT NULL) [0m
  [1m[35m (7.5ms)[0m  CREATE UNIQUE INDEX  "unique_schema_migrations" ON "schema_migrations"  ("version")
  [1m[36mActiveRecord::SchemaMigration Load (0.4ms)[0m  [1mSELECT "schema_migrations".* FROM "schema_migrations"[0m
Migrating to User (20170702092607)
  [1m[35m (0.1ms)[0m  BEGIN
  [1m[36m (12.2ms)[0m  [1mCREATE TABLE "users" ("id" serial primary key, "username" character varying(32) NOT NULL, "password" character varying(64) NOT NULL, "name" character varying(32) NOT NULL, "surname" character varying(32), "pp_url" character varying(128), "bio" character varying(256), "created_at" timestamp NOT NULL, "updated_at" timestamp NOT NULL) [0m
  [1m[35mSQL (0.4ms)[0m  INSERT INTO "schema_migrations" ("version") VALUES ($1)  [["version", "20170702092607"]]
  [1m[36m (5.9ms)[0m  [1mCOMMIT[0m
Migrating to Follow (20170702092807)
  [1m[35m (0.2ms)[0m  BEGIN
  [1m[36m (6.7ms)[0m  [1mCREATE TABLE "follows" ("id" serial primary key, "follower_id" integer, "following_id" integer, "created_at" timestamp NOT NULL, "updated_at" timestamp NOT NULL) [0m
  [1m[35m (6.5ms)[0m  CREATE  INDEX  "index_follows_on_follower_id" ON "follows"  ("follower_id")
  [1m[36m (5.7ms)[0m  [1mCREATE  INDEX  "index_follows_on_following_id" ON "follows"  ("following_id")[0m
  [1m[35m (2.6ms)[0m  ALTER TABLE "follows" ADD CONSTRAINT "fk_rails_622d34a301"
FOREIGN KEY ("follower_id")
  REFERENCES "users" ("id")

  [1m[36m (3.9ms)[0m  [1mALTER TABLE "follows" ADD CONSTRAINT "fk_rails_9cfc70f043"
FOREIGN KEY ("following_id")
  REFERENCES "users" ("id")
[0m
  [1m[35mSQL (0.2ms)[0m  INSERT INTO "schema_migrations" ("version") VALUES ($1)  [["version", "20170702092807"]]
  [1m[36m (6.3ms)[0m  [1mCOMMIT[0m
Migrating to Notification (20170702092818)
  [1m[35m (0.3ms)[0m  BEGIN
  [1m[36mSQL (0.2ms)[0m  [1mINSERT INTO "schema_migrations" ("version") VALUES ($1)[0m  [["version", "20170702092818"]]
  [1m[35m (2.5ms)[0m  COMMIT
Migrating to Token (20170702092825)
  [1m[36m (0.1ms)[0m  [1mBEGIN[0m
  [1m[35mSQL (0.2ms)[0m  INSERT INTO "schema_migrations" ("version") VALUES ($1)  [["version", "20170702092825"]]
  [1m[36m (2.5ms)[0m  [1mCOMMIT[0m
Migrating to NotToDo (20170702101802)
  [1m[35m (0.2ms)[0m  BEGIN
  [1m[36m (8.6ms)[0m  [1mCREATE TABLE "not2dos" ("id" serial primary key, "user_id" integer, "privacy" integer DEFAULT 0, "participant_count" integer DEFAULT 0, "content" character varying(256), "created_at" timestamp NOT NULL, "updated_at" timestamp NOT NULL) [0m
  [1m[35m (5.4ms)[0m  CREATE  INDEX  "index_not2dos_on_user_id" ON "not2dos"  ("user_id")
  [1m[36m (1.2ms)[0m  [1mALTER TABLE "not2dos" ADD CONSTRAINT "fk_rails_544c7422ed"
FOREIGN KEY ("user_id")
  REFERENCES "users" ("id")
[0m
  [1m[35mSQL (0.3ms)[0m  INSERT INTO "schema_migrations" ("version") VALUES ($1)  [["version", "20170702101802"]]
  [1m[36m (4.3ms)[0m  [1mCOMMIT[0m
Migrating to Participate (20170702101815)
  [1m[35m (0.2ms)[0m  BEGIN
  [1m[36m (0.7ms)[0m  [1mCREATE TABLE "participate" ("user_id" integer, "not2do_id" integer, "supervisor_id" integer, "failed" boolean DEFAULT 'f', "created_at" timestamp NOT NULL, "updated_at" timestamp NOT NULL) [0m
  [1m[35m (5.5ms)[0m  CREATE  INDEX  "index_participate_on_user_id" ON "participate"  ("user_id")
  [1m[36m (4.3ms)[0m  [1mCREATE  INDEX  "index_participate_on_not2do_id" ON "participate"  ("not2do_id")[0m
  [1m[35m (6.0ms)[0m  CREATE  INDEX  "index_participate_on_supervisor_id" ON "participate"  ("supervisor_id")
  [1m[36m (1.0ms)[0m  [1mALTER TABLE "participate" ADD CONSTRAINT "fk_rails_b3162be1ae"
FOREIGN KEY ("user_id")
  REFERENCES "users" ("id")
[0m
  [1m[35m (0.9ms)[0m  ALTER TABLE "participate" ADD CONSTRAINT "fk_rails_4abe38d0b0"
FOREIGN KEY ("not2do_id")
  REFERENCES "not2dos" ("id")

  [1m[36m (1.6ms)[0m  [1mALTER TABLE "participate" ADD CONSTRAINT "fk_rails_7a8177a154"
FOREIGN KEY ("supervisor_id")
  REFERENCES "users" ("id")
[0m
  [1m[35m (6.1ms)[0m  ALTER TABLE participate ADD PRIMARY KEY (user_id, not2do_id);
  [1m[36mSQL (0.2ms)[0m  [1mINSERT INTO "schema_migrations" ("version") VALUES ($1)[0m  [["version", "20170702101815"]]
  [1m[35m (6.2ms)[0m  COMMIT
  [1m[36mActiveRecord::SchemaMigration Load (0.4ms)[0m  [1mSELECT "schema_migrations".* FROM "schema_migrations"[0m
  [1m[35m (2.9ms)[0m  SELECT t2.oid::regclass::text AS to_table, a1.attname AS column, a2.attname AS primary_key, c.conname AS name, c.confupdtype AS on_update, c.confdeltype AS on_delete
FROM pg_constraint c
JOIN pg_class t1 ON c.conrelid = t1.oid
JOIN pg_class t2 ON c.confrelid = t2.oid
JOIN pg_attribute a1 ON a1.attnum = c.conkey[1] AND a1.attrelid = t1.oid
JOIN pg_attribute a2 ON a2.attnum = c.confkey[1] AND a2.attrelid = t2.oid
JOIN pg_namespace t3 ON c.connamespace = t3.oid
WHERE c.contype = 'f'
  AND t1.relname = 'follows'
  AND t3.nspname = ANY (current_schemas(false))
ORDER BY c.conname

  [1m[36m (2.0ms)[0m  [1mSELECT t2.oid::regclass::text AS to_table, a1.attname AS column, a2.attname AS primary_key, c.conname AS name, c.confupdtype AS on_update, c.confdeltype AS on_delete
FROM pg_constraint c
JOIN pg_class t1 ON c.conrelid = t1.oid
JOIN pg_class t2 ON c.confrelid = t2.oid
JOIN pg_attribute a1 ON a1.attnum = c.conkey[1] AND a1.attrelid = t1.oid
JOIN pg_attribute a2 ON a2.attnum = c.confkey[1] AND a2.attrelid = t2.oid
JOIN pg_namespace t3 ON c.connamespace = t3.oid
WHERE c.contype = 'f'
  AND t1.relname = 'not2dos'
  AND t3.nspname = ANY (current_schemas(false))
ORDER BY c.conname
[0m
  [1m[35m (2.1ms)[0m  SELECT t2.oid::regclass::text AS to_table, a1.attname AS column, a2.attname AS primary_key, c.conname AS name, c.confupdtype AS on_update, c.confdeltype AS on_delete
FROM pg_constraint c
JOIN pg_class t1 ON c.conrelid = t1.oid
JOIN pg_class t2 ON c.confrelid = t2.oid
JOIN pg_attribute a1 ON a1.attnum = c.conkey[1] AND a1.attrelid = t1.oid
JOIN pg_attribute a2 ON a2.attnum = c.confkey[1] AND a2.attrelid = t2.oid
JOIN pg_namespace t3 ON c.connamespace = t3.oid
WHERE c.contype = 'f'
  AND t1.relname = 'participate'
  AND t3.nspname = ANY (current_schemas(false))
ORDER BY c.conname

  [1m[36m (3.1ms)[0m  [1mSELECT t2.oid::regclass::text AS to_table, a1.attname AS column, a2.attname AS primary_key, c.conname AS name, c.confupdtype AS on_update, c.confdeltype AS on_delete
FROM pg_constraint c
JOIN pg_class t1 ON c.conrelid = t1.oid
JOIN pg_class t2 ON c.confrelid = t2.oid
JOIN pg_attribute a1 ON a1.attnum = c.conkey[1] AND a1.attrelid = t1.oid
JOIN pg_attribute a2 ON a2.attnum = c.confkey[1] AND a2.attrelid = t2.oid
JOIN pg_namespace t3 ON c.connamespace = t3.oid
WHERE c.contype = 'f'
  AND t1.relname = 'users'
  AND t3.nspname = ANY (current_schemas(false))
ORDER BY c.conname
[0m
  [1m[36m (15.4ms)[0m  [1mCREATE TABLE "schema_migrations" ("version" character varying NOT NULL) [0m
  [1m[35m (12.4ms)[0m  CREATE UNIQUE INDEX  "unique_schema_migrations" ON "schema_migrations"  ("version")
  [1m[36mActiveRecord::SchemaMigration Load (0.5ms)[0m  [1mSELECT "schema_migrations".* FROM "schema_migrations"[0m
Migrating to User (20170702092607)
  [1m[35m (0.2ms)[0m  BEGIN
  [1m[36m (14.7ms)[0m  [1mCREATE TABLE "users" ("id" serial primary key, "username" character varying(32) NOT NULL, "email" character varying(128) NOT NULL, "password" character varying(64) NOT NULL, "name" character varying(32) NOT NULL, "surname" character varying(32), "pp_url" character varying(128), "bio" character varying(256), "created_at" timestamp NOT NULL, "updated_at" timestamp NOT NULL) [0m
  [1m[35mSQL (0.6ms)[0m  INSERT INTO "schema_migrations" ("version") VALUES ($1)  [["version", "20170702092607"]]
  [1m[36m (7.1ms)[0m  [1mCOMMIT[0m
Migrating to Follow (20170702092807)
  [1m[35m (0.3ms)[0m  BEGIN
  [1m[36m (0.7ms)[0m  [1mCREATE TABLE "follows" ("follower_id" integer, "following_id" integer, "created_at" timestamp NOT NULL, "updated_at" timestamp NOT NULL) [0m
  [1m[35m (6.6ms)[0m  CREATE  INDEX  "index_follows_on_follower_id" ON "follows"  ("follower_id")
  [1m[36m (6.1ms)[0m  [1mCREATE  INDEX  "index_follows_on_following_id" ON "follows"  ("following_id")[0m
  [1m[35m (1.5ms)[0m  ALTER TABLE "follows" ADD CONSTRAINT "fk_rails_622d34a301"
FOREIGN KEY ("follower_id")
  REFERENCES "users" ("id")

  [1m[36m (0.8ms)[0m  [1mALTER TABLE "follows" ADD CONSTRAINT "fk_rails_9cfc70f043"
FOREIGN KEY ("following_id")
  REFERENCES "users" ("id")
[0m
  [1m[35m (4.7ms)[0m  ALTER TABLE follows ADD PRIMARY KEY (follower_id, following_id);
  [1m[36mSQL (0.2ms)[0m  [1mINSERT INTO "schema_migrations" ("version") VALUES ($1)[0m  [["version", "20170702092807"]]
  [1m[35m (5.9ms)[0m  COMMIT
Migrating to Notification (20170702092818)
  [1m[36m (0.2ms)[0m  [1mBEGIN[0m
  [1m[35m (15.5ms)[0m  CREATE TABLE "notifications" ("id" serial primary key, "user_id" integer, "message" character varying(256) NOT NULL, "link" character varying(256), "created_at" timestamp NOT NULL, "updated_at" timestamp NOT NULL) 
  [1m[36m (4.4ms)[0m  [1mCREATE  INDEX  "index_notifications_on_user_id" ON "notifications"  ("user_id")[0m
  [1m[35m (1.0ms)[0m  ALTER TABLE "notifications" ADD CONSTRAINT "fk_rails_b080fb4855"
FOREIGN KEY ("user_id")
  REFERENCES "users" ("id")

  [1m[36mSQL (0.2ms)[0m  [1mINSERT INTO "schema_migrations" ("version") VALUES ($1)[0m  [["version", "20170702092818"]]
  [1m[35m (5.7ms)[0m  COMMIT
Migrating to Token (20170702092825)
  [1m[36m (0.2ms)[0m  [1mBEGIN[0m
  [1m[35m (0.7ms)[0m  CREATE TABLE "tokens" ("user_id" integer, "token" character varying(128), "expiration_date" timestamp DEFAULT '2017-07-05 10:48:06.392384' NOT NULL) 
  [1m[36m (6.1ms)[0m  [1mCREATE  INDEX  "index_tokens_on_user_id" ON "tokens"  ("user_id")[0m
  [1m[35m (1.1ms)[0m  ALTER TABLE "tokens" ADD CONSTRAINT "fk_rails_ac8a5d0441"
FOREIGN KEY ("user_id")
  REFERENCES "users" ("id")

  [1m[36m (6.1ms)[0m  [1mALTER TABLE tokens ADD PRIMARY KEY (user_id);[0m
  [1m[35mSQL (0.2ms)[0m  INSERT INTO "schema_migrations" ("version") VALUES ($1)  [["version", "20170702092825"]]
  [1m[36m (6.4ms)[0m  [1mCOMMIT[0m
Migrating to NotToDo (20170702101802)
  [1m[35m (0.2ms)[0m  BEGIN
  [1m[36m (6.3ms)[0m  [1mCREATE TABLE "not2dos" ("id" serial primary key, "user_id" integer, "privacy" integer DEFAULT 0, "participant_count" integer DEFAULT 0, "content" character varying(256), "created_at" timestamp NOT NULL, "updated_at" timestamp NOT NULL) [0m
  [1m[35m (5.9ms)[0m  CREATE  INDEX  "index_not2dos_on_user_id" ON "not2dos"  ("user_id")
  [1m[36m (1.0ms)[0m  [1mALTER TABLE "not2dos" ADD CONSTRAINT "fk_rails_544c7422ed"
FOREIGN KEY ("user_id")
  REFERENCES "users" ("id")
[0m
  [1m[35mSQL (0.2ms)[0m  INSERT INTO "schema_migrations" ("version") VALUES ($1)  [["version", "20170702101802"]]
  [1m[36m (4.4ms)[0m  [1mCOMMIT[0m
Migrating to Participate (20170702101815)
  [1m[35m (0.2ms)[0m  BEGIN
  [1m[36m (0.8ms)[0m  [1mCREATE TABLE "participate" ("user_id" integer, "not2do_id" integer, "supervisor_id" integer, "failed" boolean DEFAULT 'f', "created_at" timestamp NOT NULL, "updated_at" timestamp NOT NULL) [0m
  [1m[35m (5.2ms)[0m  CREATE  INDEX  "index_participate_on_user_id" ON "participate"  ("user_id")
  [1m[36m (5.8ms)[0m  [1mCREATE  INDEX  "index_participate_on_not2do_id" ON "participate"  ("not2do_id")[0m
  [1m[35m (7.0ms)[0m  CREATE  INDEX  "index_participate_on_supervisor_id" ON "participate"  ("supervisor_id")
  [1m[36m (1.2ms)[0m  [1mALTER TABLE "participate" ADD CONSTRAINT "fk_rails_b3162be1ae"
FOREIGN KEY ("user_id")
  REFERENCES "users" ("id")
[0m
  [1m[35m (0.9ms)[0m  ALTER TABLE "participate" ADD CONSTRAINT "fk_rails_4abe38d0b0"
FOREIGN KEY ("not2do_id")
  REFERENCES "not2dos" ("id")

  [1m[36m (0.8ms)[0m  [1mALTER TABLE "participate" ADD CONSTRAINT "fk_rails_7a8177a154"
FOREIGN KEY ("supervisor_id")
  REFERENCES "users" ("id")
[0m
  [1m[35m (4.4ms)[0m  ALTER TABLE participate ADD PRIMARY KEY (user_id, not2do_id);
  [1m[36mSQL (0.2ms)[0m  [1mINSERT INTO "schema_migrations" ("version") VALUES ($1)[0m  [["version", "20170702101815"]]
  [1m[35m (5.7ms)[0m  COMMIT
  [1m[36mActiveRecord::SchemaMigration Load (0.3ms)[0m  [1mSELECT "schema_migrations".* FROM "schema_migrations"[0m
  [1m[35m (2.3ms)[0m  SELECT t2.oid::regclass::text AS to_table, a1.attname AS column, a2.attname AS primary_key, c.conname AS name, c.confupdtype AS on_update, c.confdeltype AS on_delete
FROM pg_constraint c
JOIN pg_class t1 ON c.conrelid = t1.oid
JOIN pg_class t2 ON c.confrelid = t2.oid
JOIN pg_attribute a1 ON a1.attnum = c.conkey[1] AND a1.attrelid = t1.oid
JOIN pg_attribute a2 ON a2.attnum = c.confkey[1] AND a2.attrelid = t2.oid
JOIN pg_namespace t3 ON c.connamespace = t3.oid
WHERE c.contype = 'f'
  AND t1.relname = 'follows'
  AND t3.nspname = ANY (current_schemas(false))
ORDER BY c.conname

  [1m[36m (1.8ms)[0m  [1mSELECT t2.oid::regclass::text AS to_table, a1.attname AS column, a2.attname AS primary_key, c.conname AS name, c.confupdtype AS on_update, c.confdeltype AS on_delete
FROM pg_constraint c
JOIN pg_class t1 ON c.conrelid = t1.oid
JOIN pg_class t2 ON c.confrelid = t2.oid
JOIN pg_attribute a1 ON a1.attnum = c.conkey[1] AND a1.attrelid = t1.oid
JOIN pg_attribute a2 ON a2.attnum = c.confkey[1] AND a2.attrelid = t2.oid
JOIN pg_namespace t3 ON c.connamespace = t3.oid
WHERE c.contype = 'f'
  AND t1.relname = 'not2dos'
  AND t3.nspname = ANY (current_schemas(false))
ORDER BY c.conname
[0m
  [1m[35m (2.0ms)[0m  SELECT t2.oid::regclass::text AS to_table, a1.attname AS column, a2.attname AS primary_key, c.conname AS name, c.confupdtype AS on_update, c.confdeltype AS on_delete
FROM pg_constraint c
JOIN pg_class t1 ON c.conrelid = t1.oid
JOIN pg_class t2 ON c.confrelid = t2.oid
JOIN pg_attribute a1 ON a1.attnum = c.conkey[1] AND a1.attrelid = t1.oid
JOIN pg_attribute a2 ON a2.attnum = c.confkey[1] AND a2.attrelid = t2.oid
JOIN pg_namespace t3 ON c.connamespace = t3.oid
WHERE c.contype = 'f'
  AND t1.relname = 'notifications'
  AND t3.nspname = ANY (current_schemas(false))
ORDER BY c.conname

  [1m[36m (2.0ms)[0m  [1mSELECT t2.oid::regclass::text AS to_table, a1.attname AS column, a2.attname AS primary_key, c.conname AS name, c.confupdtype AS on_update, c.confdeltype AS on_delete
FROM pg_constraint c
JOIN pg_class t1 ON c.conrelid = t1.oid
JOIN pg_class t2 ON c.confrelid = t2.oid
JOIN pg_attribute a1 ON a1.attnum = c.conkey[1] AND a1.attrelid = t1.oid
JOIN pg_attribute a2 ON a2.attnum = c.confkey[1] AND a2.attrelid = t2.oid
JOIN pg_namespace t3 ON c.connamespace = t3.oid
WHERE c.contype = 'f'
  AND t1.relname = 'participate'
  AND t3.nspname = ANY (current_schemas(false))
ORDER BY c.conname
[0m
  [1m[35m (2.0ms)[0m  SELECT t2.oid::regclass::text AS to_table, a1.attname AS column, a2.attname AS primary_key, c.conname AS name, c.confupdtype AS on_update, c.confdeltype AS on_delete
FROM pg_constraint c
JOIN pg_class t1 ON c.conrelid = t1.oid
JOIN pg_class t2 ON c.confrelid = t2.oid
JOIN pg_attribute a1 ON a1.attnum = c.conkey[1] AND a1.attrelid = t1.oid
JOIN pg_attribute a2 ON a2.attnum = c.confkey[1] AND a2.attrelid = t2.oid
JOIN pg_namespace t3 ON c.connamespace = t3.oid
WHERE c.contype = 'f'
  AND t1.relname = 'tokens'
  AND t3.nspname = ANY (current_schemas(false))
ORDER BY c.conname

  [1m[36m (2.0ms)[0m  [1mSELECT t2.oid::regclass::text AS to_table, a1.attname AS column, a2.attname AS primary_key, c.conname AS name, c.confupdtype AS on_update, c.confdeltype AS on_delete
FROM pg_constraint c
JOIN pg_class t1 ON c.conrelid = t1.oid
JOIN pg_class t2 ON c.confrelid = t2.oid
JOIN pg_attribute a1 ON a1.attnum = c.conkey[1] AND a1.attrelid = t1.oid
JOIN pg_attribute a2 ON a2.attnum = c.confkey[1] AND a2.attrelid = t2.oid
JOIN pg_namespace t3 ON c.connamespace = t3.oid
WHERE c.contype = 'f'
  AND t1.relname = 'users'
  AND t3.nspname = ANY (current_schemas(false))
ORDER BY c.conname
[0m


Started GET "/" for 31.223.25.174 at 2017-07-02 11:32:17 +0000
Cannot render console from 31.223.25.174! Allowed networks: 127.0.0.1, ::1, 127.0.0.0/127.255.255.255
  [1m[36mActiveRecord::SchemaMigration Load (0.4ms)[0m  [1mSELECT "schema_migrations".* FROM "schema_migrations"[0m
Processing by WelcomeController#index as HTML
  Rendered welcome/index.html.erb within layouts/application (2.5ms)
Completed 200 OK in 293ms (Views: 283.8ms | ActiveRecord: 0.0ms)
